<?xml version="1.0" encoding="UTF-8"?>
<testsuite name="com.dennis.sbab_bus_test.Service.StopServiceTest" tests="3" skipped="0" failures="0" errors="0" timestamp="2022-03-23T08:01:52" hostname="Denniss-MacBook-Pro.local" time="0.004">
  <properties/>
  <testcase name="filterData()" classname="com.dennis.sbab_bus_test.Service.StopServiceTest" time="0.001"/>
  <testcase name="httpCallData()" classname="com.dennis.sbab_bus_test.Service.StopServiceTest" time="0.001"/>
  <testcase name="getBusStop()" classname="com.dennis.sbab_bus_test.Service.StopServiceTest" time="0.001"/>
  <system-out><![CDATA[]]></system-out>
  <system-err><![CDATA[]]></system-err>
</testsuite>
